<?xml version="1.0" encoding="UTF-8"?>
<!-- Generated by org.testng.reporters.JUnitXMLReporter -->
<testsuite hostname="Hossain-PC" name="Test" tests="1" failures="1" timestamp="9 Dec 2015 20:02:53 GMT" time="0.024" errors="0">
  <testcase name="running" time="0.011" classname="test1.Solution">
    <failure type="java.lang.IllegalAccessException" message="Class org.testng.internal.MethodInvocationHelper can not access a member of class test1.Solution with modifiers &amp;quot;public static&amp;quot;">
      <![CDATA[java.lang.IllegalAccessException: Class org.testng.internal.MethodInvocationHelper can not access a member of class test1.Solution with modifiers "public static"
... Removed 24 stack frames]]>
    </failure>
  </testcase> <!-- running -->
</testsuite> <!-- Test -->
